Command line:
   KGPRISC_tb_isim_beh.exe
     -simmode  gui
     -simrunnum  0
     -socket  56209

Tue Nov  9 19:38:18 2021


 Elaboration Time: 0.02 sec

 Current Memory Usage: 188.326 Meg

 Total Signals          : 600
 Total Nets             : 2335
 Total Signal Drivers   : 270
 Total Blocks           : 70
 Total Primitive Blocks : 56
 Total Processes        : 307
 Total Traceable Variables  : 685
 Total Scalar Nets and Variables : 113663
Total Line Count : 1365

 Total Simulation Time: 0.16 sec

 Current Memory Usage: 263.827 Meg

Tue Nov  9 19:44:17 2021

