Release 14.7 - xst P.20131013 (lin64)
Copyright (c) 1995-2013 Xilinx, Inc.  All rights reserved.
--> 
Parameter TMPDIR set to xst/projnav.tmp


Total REAL time to Xst completion: 1.00 secs
Total CPU time to Xst completion: 0.05 secs
 
--> 
Parameter xsthdpdir set to xst


Total REAL time to Xst completion: 1.00 secs
Total CPU time to Xst completion: 0.05 secs
 
--> 
Reading design: barrel_shifter.prj

TABLE OF CONTENTS
  1) Synthesis Options Summary
  2) HDL Parsing
  3) HDL Elaboration
  4) HDL Synthesis
       4.1) HDL Synthesis Report
  5) Advanced HDL Synthesis
       5.1) Advanced HDL Synthesis Report
  6) Low Level Synthesis
  7) Partition Report
  8) Design Summary
       8.1) Primitive and Black Box Usage
       8.2) Device utilization summary
       8.3) Partition Resource Summary
       8.4) Timing Report
            8.4.1) Clock Information
            8.4.2) Asynchronous Control Signals Information
            8.4.3) Timing Summary
            8.4.4) Timing Details
            8.4.5) Cross Clock Domains Report


=========================================================================
*                      Synthesis Options Summary                        *
=========================================================================
---- Source Parameters
Input File Name                    : "barrel_shifter.prj"
Ignore Synthesis Constraint File   : NO

---- Target Parameters
Output File Name                   : "barrel_shifter"
Output Format                      : NGC
Target Device                      : xc7a100t-1-csg324

---- Source Options
Top Module Name                    : barrel_shifter
Automatic FSM Extraction           : YES
FSM Encoding Algorithm             : Auto
Safe Implementation                : No
FSM Style                          : LUT
RAM Extraction                     : Yes
RAM Style                          : Auto
ROM Extraction                     : Yes
Shift Register Extraction          : YES
ROM Style                          : Auto
Resource Sharing                   : YES
Asynchronous To Synchronous        : NO
Shift Register Minimum Size        : 2
Use DSP Block                      : Auto
Automatic Register Balancing       : No

---- Target Options
LUT Combining                      : Auto
Reduce Control Sets                : Auto
Add IO Buffers                     : YES
Global Maximum Fanout              : 100000
Add Generic Clock Buffer(BUFG)     : 32
Register Duplication               : YES
Optimize Instantiated Primitives   : NO
Use Clock Enable                   : Auto
Use Synchronous Set                : Auto
Use Synchronous Reset              : Auto
Pack IO Registers into IOBs        : Auto
Equivalent register Removal        : YES

---- General Options
Optimization Goal                  : Speed
Optimization Effort                : 1
Power Reduction                    : NO
Keep Hierarchy                     : No
Netlist Hierarchy                  : As_Optimized
RTL Output                         : Yes
Global Optimization                : AllClockNets
Read Cores                         : YES
Write Timing Constraints           : NO
Cross Clock Analysis               : NO
Hierarchy Separator                : /
Bus Delimiter                      : <>
Case Specifier                     : Maintain
Slice Utilization Ratio            : 100
BRAM Utilization Ratio             : 100
DSP48 Utilization Ratio            : 100
Auto BRAM Packing                  : NO
Slice Utilization Ratio Delta      : 5

=========================================================================


=========================================================================
*                          HDL Parsing                                  *
=========================================================================
Analyzing Verilog file "/home/vanshita/COA-Laboratory-CS39001/Assn-7/barrel_shifter.v" into library work
Parsing module <barrel_shifter>.

=========================================================================
*                            HDL Elaboration                            *
=========================================================================

Elaborating module <barrel_shifter>.

=========================================================================
*                           HDL Synthesis                               *
=========================================================================

Synthesizing Unit <barrel_shifter>.
    Related source file is "/home/vanshita/COA-Laboratory-CS39001/Assn-7/barrel_shifter.v".
    Found 32-bit shifter arithmetic right for signal <in[31]_shamt[31]_shift_right_0_OUT> created at line 33
    Found 32-bit shifter logical right for signal <in[31]_shamt[31]_shift_right_2_OUT> created at line 39
    Found 32-bit shifter logical left for signal <in[31]_shamt[31]_shift_left_3_OUT> created at line 41
    Summary:
	inferred   6 Multiplexer(s).
	inferred   3 Combinational logic shifter(s).
Unit <barrel_shifter> synthesized.

=========================================================================
HDL Synthesis Report

Macro Statistics
# Multiplexers                                         : 6
 32-bit 2-to-1 multiplexer                             : 6
# Logic shifters                                       : 3
 32-bit shifter arithmetic right                       : 1
 32-bit shifter logical left                           : 1
 32-bit shifter logical right                          : 1

=========================================================================

=========================================================================
*                       Advanced HDL Synthesis                          *
=========================================================================


=========================================================================
Advanced HDL Synthesis Report

Macro Statistics
# Multiplexers                                         : 6
 32-bit 2-to-1 multiplexer                             : 6
# Logic shifters                                       : 3
 32-bit shifter arithmetic right                       : 1
 32-bit shifter logical left                           : 1
 32-bit shifter logical right                          : 1

=========================================================================

=========================================================================
*                         Low Level Synthesis                           *
=========================================================================

Optimizing unit <barrel_shifter> ...

Mapping all equations...
Building and optimizing final netlist ...
Found area constraint ratio of 100 (+ 5) on block barrel_shifter, actual ratio is 0.

Final Macro Processing ...

=========================================================================
Final Register Report

Found no macro
=========================================================================

=========================================================================
*                           Partition Report                            *
=========================================================================

Partition Implementation Status
-------------------------------

  No Partitions were found in this design.

-------------------------------

=========================================================================
*                            Design Summary                             *
=========================================================================

Top Level Output File Name         : barrel_shifter.ngc

Primitive and Black Box Usage:
------------------------------
# BELS                             : 270
#      LUT2                        : 6
#      LUT3                        : 56
#      LUT4                        : 10
#      LUT5                        : 50
#      LUT6                        : 143
#      MUXF7                       : 5
# IO Buffers                       : 98
#      IBUF                        : 66
#      OBUF                        : 32

Device utilization summary:
---------------------------

Selected Device : 7a100tcsg324-1 


Slice Logic Utilization: 
 Number of Slice LUTs:                  265  out of  63400     0%  
    Number used as Logic:               265  out of  63400     0%  

Slice Logic Distribution: 
 Number of LUT Flip Flop pairs used:    265
   Number with an unused Flip Flop:     265  out of    265   100%  
   Number with an unused LUT:             0  out of    265     0%  
   Number of fully used LUT-FF pairs:     0  out of    265     0%  
   Number of unique control sets:         0

IO Utilization: 
 Number of IOs:                          98
 Number of bonded IOBs:                  98  out of    210    46%  

Specific Feature Utilization:

---------------------------
Partition Resource Summary:
---------------------------

  No Partitions were found in this design.

---------------------------


=========================================================================
Timing Report

NOTE: THESE TIMING NUMBERS ARE ONLY A SYNTHESIS ESTIMATE.
      FOR ACCURATE TIMING INFORMATION PLEASE REFER TO THE TRACE REPORT
      GENERATED AFTER PLACE-and-ROUTE.

Clock Information:
------------------
No clock signals found in this design

Asynchronous Control Signals Information:
----------------------------------------
No asynchronous control signals found in this design

Timing Summary:
---------------
Speed Grade: -1

   Minimum period: No path found
   Minimum input arrival time before clock: No path found
   Maximum output required time after clock: No path found
   Maximum combinational path delay: 5.066ns

Timing Details:
---------------
All values displayed in nanoseconds (ns)

=========================================================================
Timing constraint: Default path analysis
  Total number of paths / destination ports: 4366 / 32
-------------------------------------------------------------------------
Delay:               5.066ns (Levels of Logic = 7)
  Source:            shamt<31> (PAD)
  Destination:       out<13> (PAD)

  Data Path: shamt<31> to out<13>
                                Gate     Net
    Cell:in->out      fanout   Delay   Delay  Logical Name (Net Name)
    ----------------------------------------  ------------
     IBUF:I->O             1   0.001   0.939  shamt_31_IBUF (shamt_31_IBUF)
     LUT6:I0->O            1   0.124   0.939  out2 (out1)
     LUT6:I0->O           46   0.124   0.932  out7 (_n0015)
     LUT4:I0->O            9   0.124   0.992  Mmux_out1721 (Mmux_out172)
     LUT6:I0->O            1   0.124   0.000  Mmux_out55_G (N37)
     MUXF7:I1->O           1   0.368   0.399  Mmux_out55 (out_13_OBUF)
     OBUF:I->O                 0.000          out_13_OBUF (out<13>)
    ----------------------------------------
    Total                      5.066ns (0.865ns logic, 4.201ns route)
                                       (17.1% logic, 82.9% route)

=========================================================================

Cross Clock Domains Report:
--------------------------

=========================================================================


Total REAL time to Xst completion: 8.00 secs
Total CPU time to Xst completion: 7.14 secs
 
--> 


Total memory usage is 486444 kilobytes

Number of errors   :    0 (   0 filtered)
Number of warnings :    0 (   0 filtered)
Number of infos    :    0 (   0 filtered)

